0 info it worked if it ends with ok
1 verbose cli [ 'C:\\Program Files (x86)\\nodejs\\\\node.exe',
1 verbose cli   'C:\\Program Files (x86)\\nodejs\\node_modules\\npm\\bin\\npm-cli.js',
1 verbose cli   'install',
1 verbose cli   'express' ]
2 info using npm@1.1.33
3 info using node@v0.8.1
4 verbose node symlink C:\Program Files (x86)\nodejs\\node.exe
5 verbose config file C:\Users\barameek\.npmrc
6 verbose config file C:\Program Files (x86)\nodejs\etc\npmrc
7 verbose config file C:\Program Files (x86)\nodejs\node_modules\npm\npmrc
8 verbose read json D:\Applicationsource\Node.JS\package.json
9 verbose read json D:\Applicationsource\Node.JS\package.json
10 verbose cache add [ 'express', null ]
11 silly cache add name=undefined spec="express" args=["express",null]
12 verbose parsed url { pathname: 'express', path: 'express', href: 'express' }
13 verbose lock express C:\Users\barameek\AppData\Roaming\npm-cache\f3c62de455962fbdacddf3843dee5914477682c1-express.lock
14 verbose addNamed [ 'express', '' ]
15 verbose addNamed [ null, '' ]
16 verbose lock express@ C:\Users\barameek\AppData\Roaming\npm-cache\64a534c1e1915c52c54f5fdb40e1c3124c00c7af-express-.lock
17 silly addNameRange { name: 'express', range: '', hasData: false }
18 verbose url raw express
19 verbose url resolving [ 'https://registry.npmjs.org/', './express' ]
20 verbose url resolved https://registry.npmjs.org/express
21 info retry registry request attempt 1 at 13:06:48
22 http GET https://registry.npmjs.org/express
23 info retry will retry, error on last attempt: Error: connect ETIMEDOUT
24 info retry registry request attempt 2 at 13:07:19
25 http GET https://registry.npmjs.org/express
26 info retry will retry, error on last attempt: Error: connect ETIMEDOUT
27 info retry registry request attempt 3 at 13:08:40
28 http GET https://registry.npmjs.org/express
29 error Error: connect ETIMEDOUT
29 error     at errnoException (net.js:781:11)
29 error     at Object.afterConnect [as oncomplete] (net.js:772:19)
29 error  { [Error: connect ETIMEDOUT] code: 'ETIMEDOUT', errno: 'ETIMEDOUT', syscall: 'connect' }
30 error You may report this log at:
30 error     <http://github.com/isaacs/npm/issues>
30 error or email it to:
30 error     <npm-@googlegroups.com>
31 error System Windows_NT 6.1.7601
32 error command "C:\\Program Files (x86)\\nodejs\\\\node.exe" "C:\\Program Files (x86)\\nodejs\\node_modules\\npm\\bin\\npm-cli.js" "install" "express"
33 error cwd D:\Applicationsource\Node.JS
34 error node -v v0.8.1
35 error npm -v 1.1.33
36 error syscall connect
37 error code ETIMEDOUT
38 error message connect ETIMEDOUT
39 error errno ETIMEDOUT
40 error ETIMEDOUT errno
41 verbose exit [ 1, true ]
